app/build/outputs/logs/manifest-merger-debug-report.txt
-- Merging decision tree log ---
manifest
ADDED from src\main\AndroidManifest.xml:1:1-262:12
	package
		ADDED from src\main\AndroidManifest.xml:2:5-35
		INJECTED from src\main\AndroidManifest.xml
		INJECTED from src\main\AndroidManifest.xml
	android:versionName
		ADDED from src\main\AndroidManifest.xml:4:5-32
		INJECTED from src\main\AndroidManifest.xml
		INJECTED from src\main\AndroidManifest.xml
	android:versionCode
		ADDED from src\main\AndroidManifest.xml:3:5-29
		INJECTED from src\main\AndroidManifest.xml
		INJECTED from src\main\AndroidManifest.xml
	xmlns:android
		ADDED from src\main\AndroidManifest.xml:1:11-69
uses-permission#android.permission.INTERNET
ADDED from src\main\AndroidManifest.xml:6:5-67
	android:name
		ADDED from src\main\AndroidManifest.xml:6:22-64
uses-permission#android.permission.ACCESS_NETWORK_STATE
ADDED from src\main\AndroidManifest.xml:7:5-79
	android:name
		ADDED from src\main\AndroidManifest.xml:7:22-76
uses-permission#android.permission.ACCESS_WIFI_STATE
ADDED from src\main\AndroidManifest.xml:8:5-76
	android:name
		ADDED from src\main\AndroidManifest.xml:8:22-73
uses-permission#android.permission.WRITE_EXTERNAL_STORAGE
ADDED from src\main\AndroidManifest.xml:9:5-81
	android:name
		ADDED from src\main\AndroidManifest.xml:9:22-78
uses-permission#android.permission.BLUETOOTH_ADMIN
ADDED from src\main\AndroidManifest.xml:10:5-74
	android:name
		ADDED from src\main\AndroidManifest.xml:10:22-71
uses-permission#android.permission.RECEIVE_BOOT_COMPLETED
ADDED from src\main\AndroidManifest.xml:11:5-81
	android:name
		ADDED from src\main\AndroidManifest.xml:11:22-78
uses-permission#android.permission.BLUETOOTH
ADDED from src\main\AndroidManifest.xml:12:5-68
	android:name
		ADDED from src\main\AndroidManifest.xml:12:22-65
uses-permission#android.permission.READ_PHONE_STATE
ADDED from src\main\AndroidManifest.xml:13:5-75
	android:name
		ADDED from src\main\AndroidManifest.xml:13:22-72
uses-sdk
ADDED from src\main\AndroidManifest.xml:15:5-17:41
MERGED from [com.android.support:appcompat-v7:22.2.0] AndroidManifest.xml:20:5-43
MERGED from [com.android.support:support-v4:22.2.0] AndroidManifest.xml:20:5-43
MERGED from [com.android.support:design:22.2.0] AndroidManifest.xml:20:5-43
MERGED from [com.android.support:appcompat-v7:22.2.0] AndroidManifest.xml:20:5-43
MERGED from [com.android.support:support-v4:22.2.0] AndroidManifest.xml:20:5-43
MERGED from [com.android.support:support-v4:22.2.0] AndroidManifest.xml:20:5-43
	android:targetSdkVersion
		ADDED from src\main\AndroidManifest.xml:17:9-38
		INJECTED from src\main\AndroidManifest.xml
		INJECTED from src\main\AndroidManifest.xml
	android:minSdkVersion
		ADDED from src\main\AndroidManifest.xml:16:9-35
		INJECTED from src\main\AndroidManifest.xml
		INJECTED from src\main\AndroidManifest.xml
application
ADDED from src\main\AndroidManifest.xml:19:5-260:19
MERGED from [com.android.support:appcompat-v7:22.2.0] AndroidManifest.xml:22:5-20
MERGED from [com.android.support:support-v4:22.2.0] AndroidManifest.xml:22:5-20
MERGED from [com.android.support:design:22.2.0] AndroidManifest.xml:22:5-20
MERGED from [com.android.support:appcompat-v7:22.2.0] AndroidManifest.xml:22:5-20
MERGED from [com.android.support:support-v4:22.2.0] AndroidManifest.xml:22:5-20
MERGED from [com.android.support:support-v4:22.2.0] AndroidManifest.xml:22:5-20
	android:label
		ADDED from src\main\AndroidManifest.xml:22:9-41
	android:allowBackup
		ADDED from src\main\AndroidManifest.xml:20:9-35
	android:icon
		ADDED from src\main\AndroidManifest.xml:21:9-48
	android:theme
		ADDED from src\main\AndroidManifest.xml:23:9-56
activity#com.c102c.app.activity.InitalActivity
ADDED from src\main\AndroidManifest.xml:24:9-28:20
	android:screenOrientation
		ADDED from src\main\AndroidManifest.xml:26:13-50
	android:name
		ADDED from src\main\AndroidManifest.xml:25:13-65
activity#com.c102c.app.activity.TestActivity
ADDED from src\main\AndroidManifest.xml:29:9-30:20
	android:name
		ADDED from src\main\AndroidManifest.xml:29:19-69
activity#com.c102c.app.health_record_activity.YWGLActivity
ADDED from src\main\AndroidManifest.xml:31:9-34:20
	android:screenOrientation
		ADDED from src\main\AndroidManifest.xml:33:13-50
	android:name
		ADDED from src\main\AndroidManifest.xml:32:13-77
activity#com.c102c.app.mbgy_activity.MBGYActivity
ADDED from src\main\AndroidManifest.xml:35:9-38:20
	android:screenOrientation
		ADDED from src\main\AndroidManifest.xml:37:13-50
	android:name
		ADDED from src\main\AndroidManifest.xml:36:13-68
activity#com.health.measurement.ReadIDCardActivity
ADDED from src\main\AndroidManifest.xml:39:9-42:20
	android:screenOrientation
		ADDED from src\main\AndroidManifest.xml:41:13-50
	android:name
		ADDED from src\main\AndroidManifest.xml:40:13-69
activity#com.c102c.app.health_record_activity.UsersListActivity
ADDED from src\main\AndroidManifest.xml:43:9-47:20
	android:screenOrientation
		ADDED from src\main\AndroidManifest.xml:45:13-50
	android:windowSoftInputMode
		ADDED from src\main\AndroidManifest.xml:46:13-54
	android:name
		ADDED from src\main\AndroidManifest.xml:44:13-82
activity#com.c102c.app.health_record_activity.JKTJActivity
ADDED from src\main\AndroidManifest.xml:48:9-51:20
	android:screenOrientation
		ADDED from src\main\AndroidManifest.xml:50:13-50
	android:name
		ADDED from src\main\AndroidManifest.xml:49:13-77
activity#com.c102c.app.mbgy_activity.GXYZXDAActivity
ADDED from src\main\AndroidManifest.xml:52:9-55:20
	android:screenOrientation
		ADDED from src\main\AndroidManifest.xml:54:13-50
	android:name
		ADDED from src\main\AndroidManifest.xml:53:13-71
activity#com.c102c.app.mbgy_activity.GXYSFJLActivity
ADDED from src\main\AndroidManifest.xml:56:9-59:20
	android:screenOrientation
		ADDED from src\main\AndroidManifest.xml:58:13-50
	android:name
		ADDED from src\main\AndroidManifest.xml:57:13-71
activity#com.c102c.app.mbgy_activity.TNBZXDAActivity
ADDED from src\main\AndroidManifest.xml:60:9-63:20
	android:screenOrientation
		ADDED from src\main\AndroidManifest.xml:62:13-50
	android:name
		ADDED from src\main\AndroidManifest.xml:61:13-71
activity#com.c102c.app.mbgy_activity.TNBSFJLActivity
ADDED from src\main\AndroidManifest.xml:64:9-67:20
	android:screenOrientation
		ADDED from src\main\AndroidManifest.xml:66:13-50
	android:name
		ADDED from src\main\AndroidManifest.xml:65:13-71
activity#com.c102c.app.health_record_activity.UserDetailActivity
ADDED from src\main\AndroidManifest.xml:68:9-71:20
	android:screenOrientation
		ADDED from src\main\AndroidManifest.xml:70:13-50
	android:name
		ADDED from src\main\AndroidManifest.xml:69:13-83
activity#com.c102c.app.activity.Gxyda
ADDED from src\main\AndroidManifest.xml:72:9-75:20
	android:screenOrientation
		ADDED from src\main\AndroidManifest.xml:74:13-50
	android:name
		ADDED from src\main\AndroidManifest.xml:73:13-56
activity#com.c102c.app.health_record_activity.JKDAActivity
ADDED from src\main\AndroidManifest.xml:76:9-79:20
	android:screenOrientation
		ADDED from src\main\AndroidManifest.xml:78:13-50
	android:name
		ADDED from src\main\AndroidManifest.xml:77:13-77
activity#com.c102c.app.activity.MainActivity
ADDED from src\main\AndroidManifest.xml:81:9-89:20
	android:screenOrientation
		ADDED from src\main\AndroidManifest.xml:83:13-50
	android:name
		ADDED from src\main\AndroidManifest.xml:82:13-63
intent-filter#android.intent.action.MAIN+android.intent.category.LAUNCHER
ADDED from src\main\AndroidManifest.xml:84:13-88:29
action#android.intent.action.MAIN
ADDED from src\main\AndroidManifest.xml:85:17-69
	android:name
		ADDED from src\main\AndroidManifest.xml:85:25-66
category#android.intent.category.LAUNCHER
ADDED from src\main\AndroidManifest.xml:87:17-77
	android:name
		ADDED from src\main\AndroidManifest.xml:87:27-74
activity#com.c102c.app.activity.JKGLActivity
ADDED from src\main\AndroidManifest.xml:90:9-93:20
	android:screenOrientation
		ADDED from src\main\AndroidManifest.xml:92:13-50
	android:name
		ADDED from src\main\AndroidManifest.xml:91:13-63
activity#com.c102c.app.ggws_activity.GGWS_Activity
ADDED from src\main\AndroidManifest.xml:95:9-98:20
	android:screenOrientation
		ADDED from src\main\AndroidManifest.xml:97:13-50
	android:name
		ADDED from src\main\AndroidManifest.xml:96:13-69
activity#com.c102c.app.ggws_activity.ETBJActivity
ADDED from src\main\AndroidManifest.xml:99:9-102:20
	android:screenOrientation
		ADDED from src\main\AndroidManifest.xml:101:13-50
	android:name
		ADDED from src\main\AndroidManifest.xml:100:13-68
activity#com.c102c.app.ggws_activity.ETZXDAActivity
ADDED from src\main\AndroidManifest.xml:103:9-106:20
	android:screenOrientation
		ADDED from src\main\AndroidManifest.xml:105:13-50
	android:name
		ADDED from src\main\AndroidManifest.xml:104:13-70
activity#com.c102c.app.activity.JieZhenTableActivity
ADDED from src\main\AndroidManifest.xml:107:9-110:20
	android:screenOrientation
		ADDED from src\main\AndroidManifest.xml:109:13-50
	android:name
		ADDED from src\main\AndroidManifest.xml:108:13-71
activity#com.c102c.app.activity.ZhuanZhenActivity
ADDED from src\main\AndroidManifest.xml:111:9-114:20
	android:screenOrientation
		ADDED from src\main\AndroidManifest.xml:113:13-50
	android:name
		ADDED from src\main\AndroidManifest.xml:112:13-68
activity#com.c102c.app.activity.UserSelectActivity
ADDED from src\main\AndroidManifest.xml:115:9-119:20
	android:screenOrientation
		ADDED from src\main\AndroidManifest.xml:117:13-50
	android:windowSoftInputMode
		ADDED from src\main\AndroidManifest.xml:118:13-52
	android:name
		ADDED from src\main\AndroidManifest.xml:116:13-69
activity#com.c102c.app.ggws_activity.YCFZXDA_downloadActivity
ADDED from src\main\AndroidManifest.xml:120:9-123:20
	android:screenOrientation
		ADDED from src\main\AndroidManifest.xml:122:13-50
	android:name
		ADDED from src\main\AndroidManifest.xml:121:13-80
activity#com.c102c.app.ggws_activity.YCFActivity
ADDED from src\main\AndroidManifest.xml:124:9-127:20
	android:screenOrientation
		ADDED from src\main\AndroidManifest.xml:126:13-50
	android:name
		ADDED from src\main\AndroidManifest.xml:125:13-67
activity#com.health.measurement.ETempActivity
ADDED from src\main\AndroidManifest.xml:128:9-131:20
	android:screenOrientation
		ADDED from src\main\AndroidManifest.xml:130:13-50
	android:name
		ADDED from src\main\AndroidManifest.xml:129:13-64
activity#com.c102c.app.ggws_activity.YCFCH42FSJL_uploadActivity
ADDED from src\main\AndroidManifest.xml:132:9-135:20
	android:screenOrientation
		ADDED from src\main\AndroidManifest.xml:134:13-50
	android:name
		ADDED from src\main\AndroidManifest.xml:133:13-82
activity#com.c102c.app.ggws_activity.XSEJTFSJL_uploadActivity
ADDED from src\main\AndroidManifest.xml:136:9-139:20
	android:screenOrientation
		ADDED from src\main\AndroidManifest.xml:138:13-50
	android:name
		ADDED from src\main\AndroidManifest.xml:137:13-80
activity#com.health.measurement.MeasureOnPC300Activity
ADDED from src\main\AndroidManifest.xml:140:9-143:20
	android:screenOrientation
		ADDED from src\main\AndroidManifest.xml:142:13-50
	android:name
		ADDED from src\main\AndroidManifest.xml:141:13-73
activity#com.health.measurement.MeasureUrineActivity
ADDED from src\main\AndroidManifest.xml:144:9-147:20
	android:screenOrientation
		ADDED from src\main\AndroidManifest.xml:146:13-50
	android:name
		ADDED from src\main\AndroidManifest.xml:145:13-71
activity#com.health.measurement.MeasureWeilionECG
ADDED from src\main\AndroidManifest.xml:148:9-151:20
	android:screenOrientation
		ADDED from src\main\AndroidManifest.xml:150:13-50
	android:name
		ADDED from src\main\AndroidManifest.xml:149:13-68
activity#com.c102c.app.bluetooth.BluetoothListActivity
ADDED from src\main\AndroidManifest.xml:152:9-155:20
	android:screenOrientation
		ADDED from src\main\AndroidManifest.xml:154:13-50
	android:name
		ADDED from src\main\AndroidManifest.xml:153:13-73
activity#com.c102c.app.system_activity.DoctorActivity
ADDED from src\main\AndroidManifest.xml:156:9-159:20
	android:screenOrientation
		ADDED from src\main\AndroidManifest.xml:158:13-50
	android:name
		ADDED from src\main\AndroidManifest.xml:157:13-72
activity#com.c102c.app.system_activity.LoginActivity
ADDED from src\main\AndroidManifest.xml:160:9-163:20
	android:screenOrientation
		ADDED from src\main\AndroidManifest.xml:162:13-50
	android:name
		ADDED from src\main\AndroidManifest.xml:161:13-71
activity#com.c102c.app.system_activity.SystemActivity
ADDED from src\main\AndroidManifest.xml:164:9-167:20
	android:screenOrientation
		ADDED from src\main\AndroidManifest.xml:166:13-50
	android:name
		ADDED from src\main\AndroidManifest.xml:165:13-72
activity#com.c102c.app.ggws_activity.YCFCHFSJL_uploadActivity
ADDED from src\main\AndroidManifest.xml:168:9-171:20
	android:screenOrientation
		ADDED from src\main\AndroidManifest.xml:170:13-50
	android:name
		ADDED from src\main\AndroidManifest.xml:169:13-80
activity#com.c102c.app.ggws_activity.YCFCJJL_uploadActivity
ADDED from src\main\AndroidManifest.xml:172:9-175:20
	android:screenOrientation
		ADDED from src\main\AndroidManifest.xml:174:13-50
	android:name
		ADDED from src\main\AndroidManifest.xml:173:13-78
activity#com.c102c.app.ggws_activity.YCFFJJL_uploadActivity
ADDED from src\main\AndroidManifest.xml:176:9-179:20
	android:screenOrientation
		ADDED from src\main\AndroidManifest.xml:178:13-50
	android:name
		ADDED from src\main\AndroidManifest.xml:177:13-78
activity#com.c102c.app.activity.MZYLActivity
ADDED from src\main\AndroidManifest.xml:180:9-183:20
	android:screenOrientation
		ADDED from src\main\AndroidManifest.xml:182:13-50
	android:name
		ADDED from src\main\AndroidManifest.xml:181:13-63
activity#com.c102c.app.activity.JKCLActivity
ADDED from src\main\AndroidManifest.xml:184:9-187:20
	android:screenOrientation
		ADDED from src\main\AndroidManifest.xml:186:13-50
	android:name
		ADDED from src\main\AndroidManifest.xml:185:13-63
activity#com.c102c.app.activity.LocalRecordActivity
ADDED from src\main\AndroidManifest.xml:188:9-191:20
	android:screenOrientation
		ADDED from src\main\AndroidManifest.xml:190:13-50
	android:name
		ADDED from src\main\AndroidManifest.xml:189:13-70
activity#com.health.measurement.MeasureWbc
ADDED from src\main\AndroidManifest.xml:192:9-195:20
	android:screenOrientation
		ADDED from src\main\AndroidManifest.xml:194:13-50
	android:name
		ADDED from src\main\AndroidManifest.xml:193:13-61
activity#com.c102c.app.resource_mangage.DoctorMark
ADDED from src\main\AndroidManifest.xml:196:9-199:20
	android:screenOrientation
		ADDED from src\main\AndroidManifest.xml:198:13-50
	android:name
		ADDED from src\main\AndroidManifest.xml:197:13-69
activity#com.c102c.app.resource_mangage.FangWuAndBuildings
ADDED from src\main\AndroidManifest.xml:200:9-203:20
	android:screenOrientation
		ADDED from src\main\AndroidManifest.xml:202:13-50
	android:name
		ADDED from src\main\AndroidManifest.xml:201:13-77
activity#com.c102c.app.resource_mangage.OtherThingsList
ADDED from src\main\AndroidManifest.xml:204:9-207:20
	android:screenOrientation
		ADDED from src\main\AndroidManifest.xml:206:13-50
	android:name
		ADDED from src\main\AndroidManifest.xml:205:13-74
activity#com.c102c.app.resource_mangage.WuPing
ADDED from src\main\AndroidManifest.xml:208:9-211:20
	android:screenOrientation
		ADDED from src\main\AndroidManifest.xml:210:13-50
	android:name
		ADDED from src\main\AndroidManifest.xml:209:13-65
activity#com.c102c.app.resource_mangage.RenYuanGuanLi
ADDED from src\main\AndroidManifest.xml:212:9-215:20
	android:screenOrientation
		ADDED from src\main\AndroidManifest.xml:214:13-50
	android:name
		ADDED from src\main\AndroidManifest.xml:213:13-72
activity#com.c102c.app.resource_mangage.WSSBZDJ
ADDED from src\main\AndroidManifest.xml:216:9-219:20
	android:screenOrientation
		ADDED from src\main\AndroidManifest.xml:218:13-50
	android:name
		ADDED from src\main\AndroidManifest.xml:217:13-66
activity#com.c102c.app.resource_mangage.XQJBQK
ADDED from src\main\AndroidManifest.xml:220:9-223:20
	android:screenOrientation
		ADDED from src\main\AndroidManifest.xml:222:13-50
	android:name
		ADDED from src\main\AndroidManifest.xml:221:13-65
activity#com.c102c.app.staff_training.Staff_Training
ADDED from src\main\AndroidManifest.xml:224:9-227:20
	android:screenOrientation
		ADDED from src\main\AndroidManifest.xml:226:13-50
	android:name
		ADDED from src\main\AndroidManifest.xml:225:13-71
activity#com.c102c.app.staff_training.DocTool
ADDED from src\main\AndroidManifest.xml:228:9-231:20
	android:screenOrientation
		ADDED from src\main\AndroidManifest.xml:230:13-50
	android:name
		ADDED from src\main\AndroidManifest.xml:229:13-64
activity#com.c102c.app.staff_training.Wroking_training
ADDED from src\main\AndroidManifest.xml:232:9-235:20
	android:screenOrientation
		ADDED from src\main\AndroidManifest.xml:234:13-50
	android:name
		ADDED from src\main\AndroidManifest.xml:233:13-73
activity#com.c102c.app.staff_training.QXPX
ADDED from src\main\AndroidManifest.xml:236:9-239:20
	android:screenOrientation
		ADDED from src\main\AndroidManifest.xml:238:13-50
	android:name
		ADDED from src\main\AndroidManifest.xml:237:13-61
activity#com.c102c.app.administrative_manager.Administrative_manager
ADDED from src\main\AndroidManifest.xml:240:9-243:20
	android:screenOrientation
		ADDED from src\main\AndroidManifest.xml:242:13-50
	android:name
		ADDED from src\main\AndroidManifest.xml:241:13-87
activity#com.c102c.app.administrative_manager.Administrative_notification
ADDED from src\main\AndroidManifest.xml:244:9-247:20
	android:screenOrientation
		ADDED from src\main\AndroidManifest.xml:246:13-50
	android:name
		ADDED from src\main\AndroidManifest.xml:245:13-92
activity#com.c102c.app.administrative_manager.Performance_appraisal
ADDED from src\main\AndroidManifest.xml:248:9-251:20
	android:screenOrientation
		ADDED from src\main\AndroidManifest.xml:250:13-50
	android:name
		ADDED from src\main\AndroidManifest.xml:249:13-86
activity#com.c102c.app.administrative_manager.GZLKH
ADDED from src\main\AndroidManifest.xml:252:9-255:20
	android:screenOrientation
		ADDED from src\main\AndroidManifest.xml:254:13-50
	android:name
		ADDED from src\main\AndroidManifest.xml:253:13-70
activity#com.c102c.app.administrative_manager.Task_notification
ADDED from src\main\AndroidManifest.xml:256:9-259:20
	android:screenOrientation
		ADDED from src\main\AndroidManifest.xml:258:13-50
	android:name
		ADDED from src\main\AndroidManifest.xml:257:13-82